[06-Feb-2017 08:10:01 UTC] PHP Warning:  require_once(mysqlaccess.php): failed to open stream: No such file or directory in /home/ubuntu/workspace/references/Champion.php on line 2
[06-Feb-2017 08:10:01 UTC] PHP Stack trace:
[06-Feb-2017 08:10:01 UTC] PHP   1. {main}() /home/ubuntu/workspace/references/Champion.php:0
[06-Feb-2017 08:10:01 UTC] PHP Fatal error:  require_once(): Failed opening required 'mysqlaccess.php' (include_path='.:/usr/share/php:/usr/share/pear') in /home/ubuntu/workspace/references/Champion.php on line 2
[06-Feb-2017 08:10:01 UTC] PHP Stack trace:
[06-Feb-2017 08:10:01 UTC] PHP   1. {main}() /home/ubuntu/workspace/references/Champion.php:0
[13-Mar-2017 03:47:56 UTC] PHP Warning:  require_once(./mysqlaccess.php): failed to open stream: No such file or directory in /home/ubuntu/workspace/accounts/login.php on line 2
[13-Mar-2017 03:47:56 UTC] PHP Stack trace:
[13-Mar-2017 03:47:56 UTC] PHP   1. {main}() /home/ubuntu/workspace/accounts/login.php:0
[13-Mar-2017 03:47:56 UTC] PHP Fatal error:  require_once(): Failed opening required './mysqlaccess.php' (include_path='.:/usr/share/php:/usr/share/pear') in /home/ubuntu/workspace/accounts/login.php on line 2
[13-Mar-2017 03:47:56 UTC] PHP Stack trace:
[13-Mar-2017 03:47:56 UTC] PHP   1. {main}() /home/ubuntu/workspace/accounts/login.php:0
[13-Mar-2017 05:10:04 UTC] PHP Warning:  require_once(./mysqlaccess.php): failed to open stream: No such file or directory in /home/ubuntu/workspace/accounts/logincheck.php on line 2
[13-Mar-2017 05:10:04 UTC] PHP Stack trace:
[13-Mar-2017 05:10:04 UTC] PHP   1. {main}() /home/ubuntu/workspace/accounts/logincheck.php:0
[13-Mar-2017 05:10:04 UTC] PHP Fatal error:  require_once(): Failed opening required './mysqlaccess.php' (include_path='.:/usr/share/php:/usr/share/pear') in /home/ubuntu/workspace/accounts/logincheck.php on line 2
[13-Mar-2017 05:10:04 UTC] PHP Stack trace:
[13-Mar-2017 05:10:04 UTC] PHP   1. {main}() /home/ubuntu/workspace/accounts/logincheck.php:0
[13-Mar-2017 05:43:45 UTC] exception 'Delight\Auth\DatabaseError' in /home/ubuntu/workspace/vendor/vendor/delight-im/auth/src/Auth.php:207
Stack trace:
#0 /home/ubuntu/workspace/accounts/signup.php(12): Delight\Auth\Auth->register('choojeremy6@gma...', '123456', 'choo', Object(Closure))
#1 {main}
[16-Mar-2017 01:08:19 UTC] exception 'Delight\Auth\DatabaseError' in /home/ubuntu/workspace/vendor/vendor/delight-im/auth/src/Auth.php:207
Stack trace:
#0 /home/ubuntu/workspace/accounts/signup.php(12): Delight\Auth\Auth->register('jacktayweijie@g...', '1234', '123', Object(Closure))
#1 {main}
[16-Mar-2017 01:41:34 UTC] PHP Fatal error:  Cannot use try without catch or finally in /home/ubuntu/workspace/accounts/resetpassword.php on line 12
[16-Mar-2017 01:41:34 UTC] PHP Fatal error:  Cannot use try without catch or finally in /home/ubuntu/workspace/accounts/resetpassword.php on line 12
